<?xml version="1.0" encoding="UTF-8"?>
<!-- Generated by org.testng.reporters.JUnitReportReporter -->
<testsuite hostname="D7WTBV2" failures="0" tests="9" name="StepDefinitions.Runner" time="33.949" errors="0" timestamp="2021-09-20T12:49:02 IST" skipped="0">
  <testcase classname="StepDefinitions.Runner" name="runScenario" time="0.309"/>
  <system-out/>
  <testcase classname="StepDefinitions.Runner" name="runScenario" time="5.872"/>
  <system-out/>
  <testcase classname="StepDefinitions.Runner" name="runScenario" time="0.021"/>
  <system-out/>
  <testcase classname="StepDefinitions.Runner" name="runScenario" time="0.041"/>
  <system-out/>
  <testcase classname="StepDefinitions.Runner" name="runScenario" time="5.962"/>
  <system-out/>
  <testcase classname="StepDefinitions.Runner" name="runScenario" time="0.023"/>
  <system-out/>
  <testcase classname="StepDefinitions.Runner" name="runScenario" time="5.823"/>
  <system-out/>
  <testcase classname="StepDefinitions.Runner" name="runScenario" time="15.877"/>
  <system-out/>
  <testcase classname="StepDefinitions.Runner" name="runScenario" time="0.021"/>
  <system-out/>
</testsuite> <!-- StepDefinitions.Runner -->
