<?xml version="1.0" encoding="UTF-8"?>
<!-- Generated by org.testng.reporters.JUnitReportReporter -->
<testsuite hostname="D7WTBV2" failures="0" tests="3" name="StepDefinitions.Runner" time="43.838" errors="0" timestamp="2021-09-24T17:37:58 IST" skipped="0">
  <testcase classname="StepDefinitions.Runner" name="runScenario" time="28.335"/>
  <system-out/>
  <testcase classname="StepDefinitions.Runner" name="runScenario" time="14.568"/>
  <system-out/>
  <testcase classname="StepDefinitions.Runner" name="runScenario" time="0.935"/>
  <system-out/>
</testsuite> <!-- StepDefinitions.Runner -->
