<?xml version="1.0" encoding="UTF-8"?>
<!-- Generated by org.testng.reporters.JUnitReportReporter -->
<testsuite hostname="D7WTBV2" failures="0" tests="5" name="StepDefinitions.Runner" time="19.078" errors="0" timestamp="2021-09-03T16:16:03 IST" skipped="0">
  <testcase classname="StepDefinitions.Runner" name="runScenario" time="3.822"/>
  <system-out/>
  <testcase classname="StepDefinitions.Runner" name="runScenario" time="0.422"/>
  <system-out/>
  <testcase classname="StepDefinitions.Runner" name="runScenario" time="4.010"/>
  <system-out/>
  <testcase classname="StepDefinitions.Runner" name="runScenario" time="1.340"/>
  <system-out/>
  <testcase classname="StepDefinitions.Runner" name="runScenario" time="9.484"/>
  <system-out/>
</testsuite> <!-- StepDefinitions.Runner -->
